c:\users\gameloft\desktop\group_1_2208_1\game\game\release\vc140.pdb
c:\users\gameloft\desktop\group_1_2208_1\game\game\release\soundmanager.obj
c:\users\gameloft\desktop\group_1_2208_1\game\game\release\main.obj
c:\users\gameloft\desktop\group_1_2208_1\game\game\release\gs_welcomescene.obj
c:\users\gameloft\desktop\group_1_2208_1\game\game\release\gs_petmenuscene.obj
c:\users\gameloft\desktop\group_1_2208_1\game\game\release\gs_optionmenuscene.obj
c:\users\gameloft\desktop\group_1_2208_1\game\game\release\gs_mainmenuscene.obj
c:\users\gameloft\desktop\group_1_2208_1\game\game\release\gs_highscorescene.obj
c:\users\gameloft\desktop\group_1_2208_1\game\game\release\gs_gameplayscene.obj
c:\users\gameloft\desktop\group_1_2208_1\game\game\release\gs_gamepause.obj
c:\users\gameloft\desktop\group_1_2208_1\game\game\release\gs_gameend.obj
c:\users\gameloft\desktop\group_1_2208_1\game\game\release\gs_credit.obj
c:\users\gameloft\desktop\group_1_2208_1\game\game\release\gs_charactermenuscene.obj
c:\users\gameloft\desktop\group_1_2208_1\game\game\release\gamestate.obj
c:\users\gameloft\desktop\group_1_2208_1\game\game\release\gamesound.obj
c:\users\gameloft\desktop\group_1_2208_1\game\game\release\gamemusic.obj
c:\users\gameloft\desktop\group_1_2208_1\game\game\release\game.obj
c:\users\gameloft\desktop\group_1_2208_1\game\game\release\event.obj
c:\users\gameloft\desktop\group_1_2208_1\game\game\release\cbutton.obj
c:\users\gameloft\desktop\group_1_2208_1\game\game\release\cbuttoncircle.obj
c:\users\gameloft\desktop\group_1_2208_1\game\game\release\cbuttonrectangle.obj
c:\users\gameloft\desktop\group_1_2208_1\game\game\release\addpair.obj
c:\users\gameloft\desktop\group_1_2208_1\game\game\release\test.obj
c:\users\gameloft\desktop\group_1_2208_1\game\game\release\upgradebulletlevel.obj
c:\users\gameloft\desktop\group_1_2208_1\game\game\release\upgradebullet.obj
c:\users\gameloft\desktop\group_1_2208_1\game\game\release\object2d.obj
c:\users\gameloft\desktop\group_1_2208_1\game\game\release\maincharacter.obj
c:\users\gameloft\desktop\group_1_2208_1\game\game\release\life.obj
c:\users\gameloft\desktop\group_1_2208_1\game\game\release\item.obj
c:\users\gameloft\desktop\group_1_2208_1\game\game\release\enemyrectangle.obj
c:\users\gameloft\desktop\group_1_2208_1\game\game\release\enemycircle.obj
c:\users\gameloft\desktop\group_1_2208_1\game\game\release\enemybullet.obj
c:\users\gameloft\desktop\group_1_2208_1\game\game\release\enemy.obj
c:\users\gameloft\desktop\group_1_2208_1\game\game\release\doublepoint.obj
c:\users\gameloft\desktop\group_1_2208_1\game\game\release\counter.obj
c:\users\gameloft\desktop\group_1_2208_1\game\game\release\bullettype1.obj
c:\users\gameloft\desktop\group_1_2208_1\game\game\release\bullet.obj
c:\users\gameloft\desktop\group_1_2208_1\game\game\release\box2dscenemanager.obj
c:\users\gameloft\desktop\group_1_2208_1\game\game\release\bossrectangle.obj
c:\users\gameloft\desktop\group_1_2208_1\game\game\release\bosscircle.obj
c:\users\gameloft\desktop\group_1_2208_1\game\game\release\boss.obj
c:\users\gameloft\desktop\group_1_2208_1\game\game\release\userdatamanager.obj
c:\users\gameloft\desktop\group_1_2208_1\game\release\game.lib
c:\users\gameloft\desktop\group_1_2208_1\game\release\game.exp
c:\users\gameloft\desktop\group_1_2208_1\game\release\game.exe
c:\users\gameloft\desktop\group_1_2208_1\game\release\game.ipdb
c:\users\gameloft\desktop\group_1_2208_1\game\release\game.iobj
c:\users\gameloft\desktop\group_1_2208_1\game\release\game.pdb
c:\users\gameloft\desktop\group_1_2208_1\game\game\release\game.vcxprojresolveassemblyreference.cache
c:\users\gameloft\desktop\group_1_2208_1\game\game\release\game.tlog\cl.command.1.tlog
c:\users\gameloft\desktop\group_1_2208_1\game\game\release\game.tlog\cl.read.1.tlog
c:\users\gameloft\desktop\group_1_2208_1\game\game\release\game.tlog\cl.write.1.tlog
c:\users\gameloft\desktop\group_1_2208_1\game\game\release\game.tlog\game.write.1u.tlog
c:\users\gameloft\desktop\group_1_2208_1\game\game\release\game.tlog\link.command.1.tlog
c:\users\gameloft\desktop\group_1_2208_1\game\game\release\game.tlog\link.read.1.tlog
c:\users\gameloft\desktop\group_1_2208_1\game\game\release\game.tlog\link.write.1.tlog
