c:\users\bangtq\desktop\group_1_2208\game\game\debug\vc140.pdb
c:\users\bangtq\desktop\group_1_2208\game\game\debug\vc140.idb
c:\users\bangtq\desktop\group_1_2208\game\game\debug\bosscircle.obj
c:\users\bangtq\desktop\group_1_2208\game\game\debug\bossrectangle.obj
c:\users\bangtq\desktop\group_1_2208\game\game\debug\box2dscenemanager.obj
c:\users\bangtq\desktop\group_1_2208\game\game\debug\bullet.obj
c:\users\bangtq\desktop\group_1_2208\game\game\debug\bullettype1.obj
c:\users\bangtq\desktop\group_1_2208\game\game\debug\counter.obj
c:\users\bangtq\desktop\group_1_2208\game\game\debug\doublepoint.obj
c:\users\bangtq\desktop\group_1_2208\game\game\debug\enemy.obj
c:\users\bangtq\desktop\group_1_2208\game\game\debug\enemybullet.obj
c:\users\bangtq\desktop\group_1_2208\game\game\debug\enemycircle.obj
c:\users\bangtq\desktop\group_1_2208\game\game\debug\enemyrectangle.obj
c:\users\bangtq\desktop\group_1_2208\game\game\debug\item.obj
c:\users\bangtq\desktop\group_1_2208\game\game\debug\life.obj
c:\users\bangtq\desktop\group_1_2208\game\game\debug\maincharacter.obj
c:\users\bangtq\desktop\group_1_2208\game\game\debug\object2d.obj
c:\users\bangtq\desktop\group_1_2208\game\game\debug\upgradebullet.obj
c:\users\bangtq\desktop\group_1_2208\game\game\debug\upgradebulletlevel.obj
c:\users\bangtq\desktop\group_1_2208\game\game\debug\test.obj
c:\users\bangtq\desktop\group_1_2208\game\game\debug\addpair.obj
c:\users\bangtq\desktop\group_1_2208\game\game\debug\userdatamanager.obj
c:\users\bangtq\desktop\group_1_2208\game\game\debug\cbuttoncircle.obj
c:\users\bangtq\desktop\group_1_2208\game\game\debug\cbutton.obj
c:\users\bangtq\desktop\group_1_2208\game\game\debug\event.obj
c:\users\bangtq\desktop\group_1_2208\game\game\debug\game.obj
c:\users\bangtq\desktop\group_1_2208\game\game\debug\gamemusic.obj
c:\users\bangtq\desktop\group_1_2208\game\game\debug\gamesound.obj
c:\users\bangtq\desktop\group_1_2208\game\game\debug\gamestate.obj
c:\users\bangtq\desktop\group_1_2208\game\game\debug\gs_charactermenuscene.obj
c:\users\bangtq\desktop\group_1_2208\game\game\debug\gs_credit.obj
c:\users\bangtq\desktop\group_1_2208\game\game\debug\gs_gameend.obj
c:\users\bangtq\desktop\group_1_2208\game\game\debug\gs_gamepause.obj
c:\users\bangtq\desktop\group_1_2208\game\game\debug\gs_gameplayscene.obj
c:\users\bangtq\desktop\group_1_2208\game\game\debug\gs_highscorescene.obj
c:\users\bangtq\desktop\group_1_2208\game\game\debug\gs_mainmenuscene.obj
c:\users\bangtq\desktop\group_1_2208\game\game\debug\gs_optionmenuscene.obj
c:\users\bangtq\desktop\group_1_2208\game\game\debug\gs_petmenuscene.obj
c:\users\bangtq\desktop\group_1_2208\game\game\debug\gs_welcomescene.obj
c:\users\bangtq\desktop\group_1_2208\game\game\debug\main.obj
c:\users\bangtq\desktop\group_1_2208\game\game\debug\soundmanager.obj
c:\users\bangtq\desktop\group_1_2208\game\game\debug\boss.obj
c:\users\bangtq\desktop\group_1_2208\game\game\debug\cbuttonrectangle.obj
c:\users\bangtq\desktop\group_1_2208\game\debug\game.lib
c:\users\bangtq\desktop\group_1_2208\game\debug\game.exp
c:\users\bangtq\desktop\group_1_2208\game\debug\game.ilk
c:\users\bangtq\desktop\group_1_2208\game\debug\game.exe
c:\users\bangtq\desktop\group_1_2208\game\debug\game.pdb
c:\users\gameloft\desktop\group_1_2208_1\game\game\debug\game.vcxprojresolveassemblyreference.cache
c:\users\gameloft\desktop\group_1_2208_1\game\game\debug\addpair.obj
c:\users\gameloft\desktop\group_1_2208_1\game\game\debug\boss.obj
c:\users\gameloft\desktop\group_1_2208_1\game\game\debug\bosscircle.obj
c:\users\gameloft\desktop\group_1_2208_1\game\game\debug\bossrectangle.obj
c:\users\gameloft\desktop\group_1_2208_1\game\game\debug\box2dscenemanager.obj
c:\users\gameloft\desktop\group_1_2208_1\game\game\debug\bullet.obj
c:\users\gameloft\desktop\group_1_2208_1\game\game\debug\bullettype1.obj
c:\users\gameloft\desktop\group_1_2208_1\game\game\debug\cbutton.obj
c:\users\gameloft\desktop\group_1_2208_1\game\game\debug\cbuttoncircle.obj
c:\users\gameloft\desktop\group_1_2208_1\game\game\debug\cbuttonrectangle.obj
c:\users\gameloft\desktop\group_1_2208_1\game\game\debug\counter.obj
c:\users\gameloft\desktop\group_1_2208_1\game\game\debug\doublepoint.obj
c:\users\gameloft\desktop\group_1_2208_1\game\game\debug\enemy.obj
c:\users\gameloft\desktop\group_1_2208_1\game\game\debug\enemybullet.obj
c:\users\gameloft\desktop\group_1_2208_1\game\game\debug\enemycircle.obj
c:\users\gameloft\desktop\group_1_2208_1\game\game\debug\enemyrectangle.obj
c:\users\gameloft\desktop\group_1_2208_1\game\game\debug\event.obj
c:\users\gameloft\desktop\group_1_2208_1\game\game\debug\game.obj
c:\users\gameloft\desktop\group_1_2208_1\game\game\debug\gamemusic.obj
c:\users\gameloft\desktop\group_1_2208_1\game\game\debug\gamesound.obj
c:\users\gameloft\desktop\group_1_2208_1\game\game\debug\gamestate.obj
c:\users\gameloft\desktop\group_1_2208_1\game\game\debug\gs_charactermenuscene.obj
c:\users\gameloft\desktop\group_1_2208_1\game\game\debug\gs_credit.obj
c:\users\gameloft\desktop\group_1_2208_1\game\game\debug\gs_gameend.obj
c:\users\gameloft\desktop\group_1_2208_1\game\game\debug\gs_gamepause.obj
c:\users\gameloft\desktop\group_1_2208_1\game\game\debug\gs_gameplayscene.obj
c:\users\gameloft\desktop\group_1_2208_1\game\game\debug\gs_highscorescene.obj
c:\users\gameloft\desktop\group_1_2208_1\game\game\debug\gs_mainmenuscene.obj
c:\users\gameloft\desktop\group_1_2208_1\game\game\debug\gs_optionmenuscene.obj
c:\users\gameloft\desktop\group_1_2208_1\game\game\debug\gs_petmenuscene.obj
c:\users\gameloft\desktop\group_1_2208_1\game\game\debug\gs_welcomescene.obj
c:\users\gameloft\desktop\group_1_2208_1\game\game\debug\item.obj
c:\users\gameloft\desktop\group_1_2208_1\game\game\debug\life.obj
c:\users\gameloft\desktop\group_1_2208_1\game\game\debug\main.obj
c:\users\gameloft\desktop\group_1_2208_1\game\game\debug\maincharacter.obj
c:\users\gameloft\desktop\group_1_2208_1\game\game\debug\object2d.obj
c:\users\gameloft\desktop\group_1_2208_1\game\game\debug\soundmanager.obj
c:\users\gameloft\desktop\group_1_2208_1\game\game\debug\test.obj
c:\users\gameloft\desktop\group_1_2208_1\game\game\debug\upgradebullet.obj
c:\users\gameloft\desktop\group_1_2208_1\game\game\debug\upgradebulletlevel.obj
c:\users\gameloft\desktop\group_1_2208_1\game\game\debug\userdatamanager.obj
c:\users\gameloft\desktop\group_1_2208_1\game\game\debug\vc140.idb
c:\users\gameloft\desktop\group_1_2208_1\game\game\debug\vc140.pdb
c:\users\gameloft\desktop\group_1_2208_1\game\debug\game.pdb
c:\users\gameloft\desktop\group_1_2208_1\game\debug\game.exe
c:\users\gameloft\desktop\group_1_2208_1\game\debug\game.ilk
c:\users\gameloft\desktop\group_1_2208_1\game\game\debug\game.tlog\cl.command.1.tlog
c:\users\gameloft\desktop\group_1_2208_1\game\game\debug\game.tlog\cl.read.1.tlog
c:\users\gameloft\desktop\group_1_2208_1\game\game\debug\game.tlog\cl.write.1.tlog
c:\users\gameloft\desktop\group_1_2208_1\game\game\debug\game.tlog\game.write.1u.tlog
c:\users\gameloft\desktop\group_1_2208_1\game\game\debug\game.tlog\link.command.1.tlog
c:\users\gameloft\desktop\group_1_2208_1\game\game\debug\game.tlog\link.read.1.tlog
c:\users\gameloft\desktop\group_1_2208_1\game\game\debug\game.tlog\link.write.1.tlog
